#
# There is insufficient memory for the Java Runtime Environment to continue.
# Native memory allocation (mmap) failed to map 132120576 bytes for Failed to commit area from 0x0000000082800000 to 0x000000008a600000 of length 132120576.
# Possible reasons:
#   The system is out of physical RAM or swap space
#   The process is running with CompressedOops enabled, and the Java Heap may be blocking the growth of the native heap
# Possible solutions:
#   Reduce memory load on the system
#   Increase physical memory or swap space
#   Check if swap backing store is full
#   Decrease Java heap size (-Xmx/-Xms)
#   Decrease number of Java threads
#   Decrease Java thread stack sizes (-Xss)
#   Set larger code cache with -XX:ReservedCodeCacheSize=
# This output file may be truncated or incomplete.
#
#  Out of Memory Error (./src/hotspot/os/windows/os_windows.cpp:3619), pid=10932, tid=17620
#
# JRE version:  (11.0.13) (build )
# Java VM: OpenJDK 64-Bit Server VM (11.0.13+0-b1751.21-8125866, mixed mode, sharing, tiered, compressed oops, g1 gc, windows-amd64)
# No core dump will be written. Minidumps are not enabled by default on client versions of Windows
#

---------------  S U M M A R Y ------------

Command Line: git4idea.http.GitAskPassApp Username for 'https://github.com': 

Host: Intel(R) Core(TM) i5-8350U CPU @ 1.70GHz, 8 cores, 7G,  Windows 11 , 64 bit Build 22621 (10.0.22621.457)
Time: Tue Oct  4 08:43:02 2022 Pakistan Standard Time elapsed time: 0.021608 seconds (0d 0h 0m 0s)

---------------  T H R E A D  ---------------

Current thread (0x000001e751967800):  JavaThread "Unknown thread" [_thread_in_vm, id=17620, stack(0x000000422f900000,0x000000422fa00000)]

Stack: [0x000000422f900000,0x000000422fa00000]
Native frames: (J=compiled Java code, j=interpreted, Vv=VM code, C=native code)
V  [jvm.dll+0x6100fa]
V  [jvm.dll+0x747090]
V  [jvm.dll+0x7486ad]
V  [jvm.dll+0x748d83]
V  [jvm.dll+0x24ab48]
V  [jvm.dll+0x60d164]
V  [jvm.dll+0x601e75]
V  [jvm.dll+0x308bdb]
V  [jvm.dll+0x308b4a]
V  [jvm.dll+0x308a22]
V  [jvm.dll+0x30d986]
V  [jvm.dll+0x357093]
V  [jvm.dll+0x357796]
V  [jvm.dll+0x357193]
V  [jvm.dll+0x2e3448]
V  [jvm.dll+0x2e45f7]
V  [jvm.dll+0x7242e7]
V  [jvm.dll+0x725adc]
V  [jvm.dll+0x364629]
V  [jvm.dll+0x707cee]
V  [jvm.dll+0x3d2633]
V  [jvm.dll+0x3d4a21]
C  [jli.dll+0x536b]
C  [ucrtbase.dll+0x29363]
C  [KERNEL32.DLL+0x1244d]
C  [ntdll.dll+0x5df78]


---------------  P R O C E S S  ---------------

Threads class SMR info:
_java_thread_list=0x000001e74f6c2e80, length=0, elements={
}

Java Threads: ( => current thread )

Other Threads:
  0x000001e75197f800 GCTaskThread "GC Thread#0" [stack: 0x000000422fa00000,0x000000422fb00000] [id=15996]
  0x000001e7519b0800 ConcurrentGCThread "G1 Main Marker" [stack: 0x000000422fb00000,0x000000422fc00000] [id=23284]
  0x000001e7519b3000 ConcurrentGCThread "G1 Conc#0" [stack: 0x000000422fc00000,0x000000422fd00000] [id=348]

[error occurred during error reporting (printing all threads), id 0xc0000005, EXCEPTION_ACCESS_VIOLATION (0xc0000005) at pc=0x00007ffb59843dd7]

VM state:not at safepoint (not fully initialized)

VM Mutex/Monitor currently owned by a thread:  ([mutex/lock_event])
[0x000001e751965bd0] Heap_lock - owner thread: 0x000001e751967800

Heap address: 0x0000000082800000, size: 2008 MB, Compressed Oops mode: Non-zero based: 0x0000000082800000
Narrow klass base: 0x0000000000000000, Narrow klass shift: 0

GC Heap History (0 events):
No events

Deoptimization events (0 events):
No events

Classes redefined (0 events):
No events

Internal exceptions (0 events):
No events

Events (1 events):
Event: 0.013 Loaded shared library C:\Program Files\Android\Android Studio\jre\bin\zip.dll


Dynamic libraries:
0x00007ff70d7e0000 - 0x00007ff70d7ea000 	C:\Program Files\Android\Android Studio\jre\bin\java.exe
0x00007ffbb9e70000 - 0x00007ffbba084000 	C:\WINDOWS\SYSTEM32\ntdll.dll
0x00007ffbb8620000 - 0x00007ffbb86e2000 	C:\WINDOWS\System32\KERNEL32.DLL
0x00007ffbb72b0000 - 0x00007ffbb764c000 	C:\WINDOWS\System32\KERNELBASE.dll
0x00007ffbb7650000 - 0x00007ffbb7761000 	C:\WINDOWS\System32\ucrtbase.dll
0x00007ffba8270000 - 0x00007ffba8289000 	C:\Program Files\Android\Android Studio\jre\bin\jli.dll
0x00007ffba7bc0000 - 0x00007ffba7bd7000 	C:\Program Files\Android\Android Studio\jre\bin\VCRUNTIME140.dll
0x00007ffbb7c90000 - 0x00007ffbb7e3b000 	C:\WINDOWS\System32\USER32.dll
0x00007ffbb77f0000 - 0x00007ffbb7816000 	C:\WINDOWS\System32\win32u.dll
0x00007ffb8af60000 - 0x00007ffb8b1ee000 	C:\WINDOWS\WinSxS\amd64_microsoft.windows.common-controls_6595b64144ccf1df_6.0.22621.317_none_a9434687c10c9fa2\COMCTL32.dll
0x00007ffbb9190000 - 0x00007ffbb91b9000 	C:\WINDOWS\System32\GDI32.dll
0x00007ffbb9a20000 - 0x00007ffbb9ac7000 	C:\WINDOWS\System32\msvcrt.dll
0x00007ffbb7820000 - 0x00007ffbb7932000 	C:\WINDOWS\System32\gdi32full.dll
0x00007ffbb7be0000 - 0x00007ffbb7c7a000 	C:\WINDOWS\System32\msvcp_win.dll
0x00007ffbb8560000 - 0x00007ffbb8591000 	C:\WINDOWS\System32\IMM32.DLL
0x00007ffb931c0000 - 0x00007ffb9325d000 	C:\Program Files\Android\Android Studio\jre\bin\msvcp140.dll
0x00007ffb59550000 - 0x00007ffb5a052000 	C:\Program Files\Android\Android Studio\jre\bin\server\jvm.dll
0x00007ffbb86f0000 - 0x00007ffbb879e000 	C:\WINDOWS\System32\ADVAPI32.dll
0x00007ffbb84b0000 - 0x00007ffbb8554000 	C:\WINDOWS\System32\sechost.dll
0x00007ffbb9d10000 - 0x00007ffbb9e25000 	C:\WINDOWS\System32\RPCRT4.dll
0x00007ffbb7eb0000 - 0x00007ffbb7eb8000 	C:\WINDOWS\System32\PSAPI.DLL
0x00007ffb8fc80000 - 0x00007ffb8fcb4000 	C:\WINDOWS\SYSTEM32\WINMM.dll
0x00007ffba9220000 - 0x00007ffba922a000 	C:\WINDOWS\SYSTEM32\VERSION.dll
0x00007ffb9ef70000 - 0x00007ffb9ef79000 	C:\WINDOWS\SYSTEM32\WSOCK32.dll
0x00007ffbb91c0000 - 0x00007ffbb9231000 	C:\WINDOWS\System32\WS2_32.dll
0x00007ffbb63e0000 - 0x00007ffbb63f8000 	C:\WINDOWS\SYSTEM32\kernel.appcore.dll
0x00007ffba9380000 - 0x00007ffba9391000 	C:\Program Files\Android\Android Studio\jre\bin\verify.dll
0x00007ffbb4ca0000 - 0x00007ffbb4ece000 	C:\WINDOWS\SYSTEM32\DBGHELP.DLL
0x00007ffbb8800000 - 0x00007ffbb8b89000 	C:\WINDOWS\System32\combase.dll
0x00007ffbb90b0000 - 0x00007ffbb9187000 	C:\WINDOWS\System32\OLEAUT32.dll
0x00007ffba9e70000 - 0x00007ffba9ea2000 	C:\WINDOWS\SYSTEM32\dbgcore.DLL
0x00007ffbb7770000 - 0x00007ffbb77eb000 	C:\WINDOWS\System32\bcryptPrimitives.dll
0x00007ffba4150000 - 0x00007ffba4179000 	C:\Program Files\Android\Android Studio\jre\bin\java.dll
0x00007ffba9c00000 - 0x00007ffba9c0b000 	C:\Program Files\Android\Android Studio\jre\bin\jimage.dll
0x00007ffba8470000 - 0x00007ffba8488000 	C:\Program Files\Android\Android Studio\jre\bin\zip.dll

dbghelp: loaded successfully - version: 4.0.5 - missing functions: none
symbol engine: initialized successfully - sym options: 0x614 - pdb path: .;C:\Program Files\Android\Android Studio\jre\bin;C:\WINDOWS\SYSTEM32;C:\WINDOWS\WinSxS\amd64_microsoft.windows.common-controls_6595b64144ccf1df_6.0.22621.317_none_a9434687c10c9fa2;C:\Program Files\Android\Android Studio\jre\bin\server

VM Arguments:
java_command: git4idea.http.GitAskPassApp Username for 'https://github.com': 
java_class_path (initial): C:/Program Files/Android/Android Studio/plugins/git4idea/lib/git4idea-rt.jar;C:/Program Files/Android/Android Studio/lib/3rd-party.jar;C:/Program Files/Android/Android Studio/lib/3rd-party-rt.jar
Launcher Type: SUN_STANDARD

[Global flags]
     intx CICompilerCount                          = 4                                         {product} {ergonomic}
     uint ConcGCThreads                            = 2                                         {product} {ergonomic}
     uint G1ConcRefinementThreads                  = 8                                         {product} {ergonomic}
   size_t G1HeapRegionSize                         = 1048576                                   {product} {ergonomic}
    uintx GCDrainStackTargetSize                   = 64                                        {product} {ergonomic}
   size_t InitialHeapSize                          = 132120576                                 {product} {ergonomic}
   size_t MarkStackSize                            = 4194304                                   {product} {ergonomic}
   size_t MaxHeapSize                              = 2105540608                                {product} {ergonomic}
   size_t MinHeapDeltaBytes                        = 1048576                                   {product} {ergonomic}
    uintx NonNMethodCodeHeapSize                   = 5836300                                {pd product} {ergonomic}
    uintx NonProfiledCodeHeapSize                  = 122910970                              {pd product} {ergonomic}
    uintx ProfiledCodeHeapSize                     = 122910970                              {pd product} {ergonomic}
    uintx ReservedCodeCacheSize                    = 251658240                              {pd product} {ergonomic}
     bool SegmentedCodeCache                       = true                                      {product} {ergonomic}
     bool UseCompressedClassPointers               = true                                 {lp64_product} {ergonomic}
     bool UseCompressedOops                        = true                                 {lp64_product} {ergonomic}
     bool UseG1GC                                  = true                                      {product} {ergonomic}
     bool UseLargePagesIndividualAllocation        = false                                  {pd product} {ergonomic}

Logging:
Log output configuration:
 #0: stdout all=warning uptime,level,tags
 #1: stderr all=off uptime,level,tags

Environment Variables:
PATH=C:\Program Files (x86)\Git\mingw32\libexec\git-core;C:\Program Files (x86)\Git\mingw32\libexec\git-core;C:\Program Files (x86)\Git\mingw32\bin;C:\Program Files (x86)\Git\usr\bin;C:\Users\mabdu\bin;C:\WINDOWS\system32;C:\WINDOWS;C:\WINDOWS\System32\Wbem;C:\WINDOWS\System32\WindowsPowerShell\v1.0;C:\WINDOWS\System32\OpenSSH;C:\Program Files\Intel\WiFi\bin;C:\Program Files\Common Files\Intel\WirelessCommon;C:\Program Files (x86)\Git\cmd;C:\Program Files\dotnet;C:\Program Files\usbipd-win;C:\src\flutter\bin;D:\Unity Hub\2019.4.40f1\Editor\Data\PlaybackEngines\AndroidPlayer\OpenJDK\bin;C:\Users\mabdu\AppData\Local\Microsoft\WindowsApps;C:\Users\mabdu\AppData\Local\Programs\Microsoft VS Code\bin;C:\Users\mabdu\.dotnet\tools;C:\src\flutter\bin;C:\Users\mabdu\AppData\Local\Programs\Hyper\resources\bin;D:\Unity Hub\2019.4.40f1\Editor\Data\PlaybackEngines\AndroidPlayer\OpenJDK\bin
USERNAME=mabdu
DISPLAY=:0.0
LC_ALL=en_US.UTF-8
OS=Windows_NT
PROCESSOR_IDENTIFIER=Intel64 Family 6 Model 142 Stepping 10, GenuineIntel



---------------  S Y S T E M  ---------------

OS: Windows 11 , 64 bit Build 22621 (10.0.22621.457)
OS uptime: 3 days 16:25 hours
Hyper-V role detected

CPU:total 8 (initial active 8) (4 cores per cpu, 2 threads per core) family 6 model 142 stepping 10 microcode 0xe0, cmov, cx8, fxsr, mmx, sse, sse2, sse3, ssse3, sse4.1, sse4.2, popcnt, avx, avx2, aes, clmul, erms, rtm, 3dnowpref, lzcnt, ht, tsc, tscinvbit, bmi1, bmi2, adx, fma

Memory: 4k page, system-wide physical 8031M (248M free)
TotalPageFile size 26056M (AvailPageFile size 96M)
current process WorkingSet (physical memory assigned to process): 11M, peak: 11M
current process commit charge ("private bytes"): 60M, peak: 186M

vm_info: OpenJDK 64-Bit Server VM (11.0.13+0-b1751.21-8125866) for windows-amd64 JRE (11.0.13+0-b1751.21-8125866), built on Feb  2 2022 03:00:22 by "builder" with MS VC++ 14.0 (VS2015)

END.
